<?xml version="1.0" encoding="UTF-8"?>
<!-- Generated by org.testng.reporters.JUnitXMLReporter -->
<testsuite ignored="0" hostname="DESKTOP-QFBVSJ4" failures="0" tests="3" name="Test" time="20.056" errors="0" timestamp="2022-11-09T17:44:15 IST">
  <testcase classname="Scratch.AutomationProject.TC01_Registration" name="registerTest" time="1.96"/>
  <testcase classname="Scratch.AutomationProject.TC01_Registration" name="registerTest" time="2.227"/>
  <testcase classname="Scratch.AutomationProject.TC01_Registration" name="registerTest" time="1.899"/>
</testsuite> <!-- Test -->
