<?xml version="1.0" encoding="UTF-8"?>
<testng-results ignored="0" total="1" passed="1" failed="0" skipped="0">
  <reporter-output>
  </reporter-output>
  <suite started-at="2022-11-11T19:03:45 IST" name="Default suite" finished-at="2022-11-11T19:04:05 IST" duration-ms="20125">
    <groups>
    </groups>
    <test started-at="2022-11-11T19:03:45 IST" name="Default test" finished-at="2022-11-11T19:04:05 IST" duration-ms="20125">
      <class name="Scratch.AutomationProject.TC01_Registration">
        <test-method is-config="true" signature="beforeMethod()[pri:0, instance:Scratch.AutomationProject.TC01_Registration@446a1e84]" started-at="2022-11-11T19:03:46 IST" name="beforeMethod" finished-at="2022-11-11T19:03:53 IST" duration-ms="6651" status="PASS">
          <reporter-output>
          </reporter-output>
        </test-method> <!-- beforeMethod -->
        <test-method signature="registerTest(java.lang.String,java.lang.String,java.lang.String,java.lang.String,java.lang.String,java.lang.String,java.lang.String,java.lang.String,java.lang.String,java.lang.String,java.lang.String,java.lang.String)[pri:0, instance:Scratch.AutomationProject.TC01_Registration@446a1e84]" started-at="2022-11-11T19:03:53 IST" name="registerTest" data-provider="registerData" finished-at="2022-11-11T19:04:05 IST" duration-ms="12032" status="PASS">
          <params>
            <param index="0">
              <value>
                <![CDATA[TC_01]]>
              </value>
            </param>
            <param index="1">
              <value>
                <![CDATA[abc]]>
              </value>
            </param>
            <param index="2">
              <value>
                <![CDATA[xyz]]>
              </value>
            </param>
            <param index="3">
              <value>
                <![CDATA[address - abcxyz]]>
              </value>
            </param>
            <param index="4">
              <value>
                <![CDATA[abcxyz@gmail.com]]>
              </value>
            </param>
            <param index="5">
              <value>
                <![CDATA[9876543210]]>
              </value>
            </param>
            <param index="6">
              <value>
                <![CDATA[Male]]>
              </value>
            </param>
            <param index="7">
              <value>
                <![CDATA[Automation Testing,Manual Testing]]>
              </value>
            </param>
            <param index="8">
              <value>
                <![CDATA[Arabic]]>
              </value>
            </param>
            <param index="9">
              <value>
                <![CDATA[APIs]]>
              </value>
            </param>
            <param index="10">
              <value>
                <![CDATA[India]]>
              </value>
            </param>
            <param index="11">
              <value>
                <![CDATA[12345]]>
              </value>
            </param>
          </params>
          <reporter-output>
          </reporter-output>
        </test-method> <!-- registerTest -->
        <test-method is-config="true" signature="afterMethod()[pri:0, instance:Scratch.AutomationProject.TC01_Registration@446a1e84]" started-at="2022-11-11T19:04:05 IST" name="afterMethod" finished-at="2022-11-11T19:04:05 IST" duration-ms="810" status="PASS">
          <reporter-output>
          </reporter-output>
        </test-method> <!-- afterMethod -->
      </class> <!-- Scratch.AutomationProject.TC01_Registration -->
    </test> <!-- Default test -->
  </suite> <!-- Default suite -->
</testng-results>
