<?xml version="1.0" encoding="UTF-8"?>
<testng-results ignored="0" total="1" passed="0" failed="1" skipped="0">
  <reporter-output>
  </reporter-output>
  <suite started-at="2022-11-11T13:10:44 IST" name="Default suite" finished-at="2022-11-11T13:10:51 IST" duration-ms="6773">
    <groups>
    </groups>
    <test started-at="2022-11-11T13:10:44 IST" name="Default test" finished-at="2022-11-11T13:10:51 IST" duration-ms="6773">
      <class name="Scratch.AutomationProject.TC01_Registration">
        <test-method is-config="true" signature="beforeMethod()[pri:0, instance:Scratch.AutomationProject.TC01_Registration@26abb146]" started-at="2022-11-11T13:10:44 IST" name="beforeMethod" finished-at="2022-11-11T13:10:49 IST" duration-ms="4805" status="PASS">
          <reporter-output>
          </reporter-output>
        </test-method> <!-- beforeMethod -->
        <test-method signature="registerTest(java.lang.String,java.lang.String,java.lang.String,java.lang.String,java.lang.String,java.lang.String,java.lang.String,java.lang.String,java.lang.String,java.lang.String,java.lang.String,java.lang.String)[pri:0, instance:Scratch.AutomationProject.TC01_Registration@26abb146]" started-at="2022-11-11T13:10:49 IST" name="registerTest" data-provider="registerData" finished-at="2022-11-11T13:10:50 IST" duration-ms="920" status="FAIL">
          <params>
            <param index="0">
              <value>
                <![CDATA[TC_01]]>
              </value>
            </param>
            <param index="1">
              <value>
                <![CDATA[abc]]>
              </value>
            </param>
            <param index="2">
              <value>
                <![CDATA[xyz]]>
              </value>
            </param>
            <param index="3">
              <value>
                <![CDATA[address - abcxyz]]>
              </value>
            </param>
            <param index="4">
              <value>
                <![CDATA[abcxyz@gmail.com]]>
              </value>
            </param>
            <param index="5">
              <value>
                <![CDATA[9876543210]]>
              </value>
            </param>
            <param index="6">
              <value>
                <![CDATA[Male]]>
              </value>
            </param>
            <param index="7">
              <value>
                <![CDATA[Automation Testing,Manual Testing]]>
              </value>
            </param>
            <param index="8">
              <value>
                <![CDATA[Arabic]]>
              </value>
            </param>
            <param index="9">
              <value>
                <![CDATA[APIs]]>
              </value>
            </param>
            <param index="10">
              <value>
                <![CDATA[India]]>
              </value>
            </param>
            <param index="11">
              <value>
                <![CDATA[12345]]>
              </value>
            </param>
          </params>
          <exception class="org.openqa.selenium.WebDriverException">
            <message>
              <![CDATA[unknown error: path is not absolute: .\image.png
  (Session info: MicrosoftEdge=107.0.1418.35)
Build info: version: '4.5.3', revision: '4b786a1e430'
System info: os.name: 'Windows 11', os.arch: 'amd64', os.version: '10.0', java.version: '17.0.4.1'
Driver info: org.openqa.selenium.edge.EdgeDriver
Command: [21c21b11fe1020cd82a1e8b2dae1c5d4, sendKeysToElement {id=9dde7e71-4d19-4247-b441-dd367fb18076, value=[Ljava.lang.CharSequence;@629984eb}]
Capabilities {acceptInsecureCerts: false, browserName: msedge, browserVersion: 107.0.1418.35, ms:edgeOptions: {debuggerAddress: localhost:51063}, msedge: {msedgedriverVersion: 107.0.1418.35 (806ca5c53c4f..., userDataDir: C:\Users\Arjit\AppData\Loca...}, networkConnectionEnabled: false, pageLoadStrategy: normal, platformName: WINDOWS, proxy: Proxy(), se:cdp: ws://localhost:51063/devtoo..., se:cdpVersion: 107.0.1418.35, setWindowRect: true, strictFileInteractability: false, timeouts: {implicit: 0, pageLoad: 300000, script: 30000}, unhandledPromptBehavior: dismiss and notify, webauthn:extension:credBlob: true, webauthn:extension:largeBlob: true, webauthn:virtualAuthenticators: true}
Element: [[EdgeDriver: msedge on WINDOWS (21c21b11fe1020cd82a1e8b2dae1c5d4)] -> xpath: //input[@type='file']]
Session ID: 21c21b11fe1020cd82a1e8b2dae1c5d4]]>
            </message>
            <full-stacktrace>
              <![CDATA[org.openqa.selenium.WebDriverException: unknown error: path is not absolute: .\image.png
  (Session info: MicrosoftEdge=107.0.1418.35)
Build info: version: '4.5.3', revision: '4b786a1e430'
System info: os.name: 'Windows 11', os.arch: 'amd64', os.version: '10.0', java.version: '17.0.4.1'
Driver info: org.openqa.selenium.edge.EdgeDriver
Command: [21c21b11fe1020cd82a1e8b2dae1c5d4, sendKeysToElement {id=9dde7e71-4d19-4247-b441-dd367fb18076, value=[Ljava.lang.CharSequence;@629984eb}]
Capabilities {acceptInsecureCerts: false, browserName: msedge, browserVersion: 107.0.1418.35, ms:edgeOptions: {debuggerAddress: localhost:51063}, msedge: {msedgedriverVersion: 107.0.1418.35 (806ca5c53c4f..., userDataDir: C:\Users\Arjit\AppData\Loca...}, networkConnectionEnabled: false, pageLoadStrategy: normal, platformName: WINDOWS, proxy: Proxy(), se:cdp: ws://localhost:51063/devtoo..., se:cdpVersion: 107.0.1418.35, setWindowRect: true, strictFileInteractability: false, timeouts: {implicit: 0, pageLoad: 300000, script: 30000}, unhandledPromptBehavior: dismiss and notify, webauthn:extension:credBlob: true, webauthn:extension:largeBlob: true, webauthn:virtualAuthenticators: true}
Element: [[EdgeDriver: msedge on WINDOWS (21c21b11fe1020cd82a1e8b2dae1c5d4)] -> xpath: //input[@type='file']]
Session ID: 21c21b11fe1020cd82a1e8b2dae1c5d4
at java.base/jdk.internal.reflect.NativeConstructorAccessorImpl.newInstance0(Native Method)
at java.base/jdk.internal.reflect.NativeConstructorAccessorImpl.newInstance(NativeConstructorAccessorImpl.java:77)
at java.base/jdk.internal.reflect.DelegatingConstructorAccessorImpl.newInstance(DelegatingConstructorAccessorImpl.java:45)
at java.base/java.lang.reflect.Constructor.newInstanceWithCaller(Constructor.java:499)
at java.base/java.lang.reflect.Constructor.newInstance(Constructor.java:480)
at org.openqa.selenium.remote.codec.w3c.W3CHttpResponseCodec.createException(W3CHttpResponseCodec.java:200)
at org.openqa.selenium.remote.codec.w3c.W3CHttpResponseCodec.decode(W3CHttpResponseCodec.java:133)
at org.openqa.selenium.remote.codec.w3c.W3CHttpResponseCodec.decode(W3CHttpResponseCodec.java:53)
at org.openqa.selenium.remote.HttpCommandExecutor.execute(HttpCommandExecutor.java:184)
at org.openqa.selenium.remote.service.DriverCommandExecutor.invokeExecute(DriverCommandExecutor.java:167)
at org.openqa.selenium.remote.service.DriverCommandExecutor.execute(DriverCommandExecutor.java:142)
at org.openqa.selenium.remote.RemoteWebDriver.execute(RemoteWebDriver.java:541)
at org.openqa.selenium.remote.RemoteWebElement.execute(RemoteWebElement.java:257)
at org.openqa.selenium.remote.RemoteWebElement.sendKeys(RemoteWebElement.java:113)
at java.base/jdk.internal.reflect.NativeMethodAccessorImpl.invoke0(Native Method)
at java.base/jdk.internal.reflect.NativeMethodAccessorImpl.invoke(NativeMethodAccessorImpl.java:77)
at java.base/jdk.internal.reflect.DelegatingMethodAccessorImpl.invoke(DelegatingMethodAccessorImpl.java:43)
at java.base/java.lang.reflect.Method.invoke(Method.java:568)
at org.openqa.selenium.support.pagefactory.internal.LocatingElementHandler.invoke(LocatingElementHandler.java:52)
at jdk.proxy2/jdk.proxy2.$Proxy18.sendKeys(Unknown Source)
at pageFactory.RegisterElements.uploadImage(RegisterElements.java:131)
at Scratch.AutomationProject.TC01_Registration.registerTest(TC01_Registration.java:81)
at java.base/jdk.internal.reflect.NativeMethodAccessorImpl.invoke0(Native Method)
at java.base/jdk.internal.reflect.NativeMethodAccessorImpl.invoke(NativeMethodAccessorImpl.java:77)
at java.base/jdk.internal.reflect.DelegatingMethodAccessorImpl.invoke(DelegatingMethodAccessorImpl.java:43)
at java.base/java.lang.reflect.Method.invoke(Method.java:568)
at org.testng.internal.MethodInvocationHelper.invokeMethod(MethodInvocationHelper.java:133)
at org.testng.internal.TestInvoker.invokeMethod(TestInvoker.java:598)
at org.testng.internal.TestInvoker.invokeTestMethod(TestInvoker.java:173)
at org.testng.internal.MethodRunner.runInSequence(MethodRunner.java:46)
at org.testng.internal.TestInvoker$MethodInvocationAgent.invoke(TestInvoker.java:824)
at org.testng.internal.TestInvoker.invokeTestMethods(TestInvoker.java:146)
at org.testng.internal.TestMethodWorker.invokeTestMethods(TestMethodWorker.java:146)
at org.testng.internal.TestMethodWorker.run(TestMethodWorker.java:128)
at java.base/java.util.ArrayList.forEach(ArrayList.java:1511)
at org.testng.TestRunner.privateRun(TestRunner.java:794)
at org.testng.TestRunner.run(TestRunner.java:596)
at org.testng.SuiteRunner.runTest(SuiteRunner.java:377)
at org.testng.SuiteRunner.runSequentially(SuiteRunner.java:371)
at org.testng.SuiteRunner.privateRun(SuiteRunner.java:332)
at org.testng.SuiteRunner.run(SuiteRunner.java:276)
at org.testng.SuiteRunnerWorker.runSuite(SuiteRunnerWorker.java:53)
at org.testng.SuiteRunnerWorker.run(SuiteRunnerWorker.java:96)
at org.testng.TestNG.runSuitesSequentially(TestNG.java:1212)
at org.testng.TestNG.runSuitesLocally(TestNG.java:1134)
at org.testng.TestNG.runSuites(TestNG.java:1063)
at org.testng.TestNG.run(TestNG.java:1031)
at org.testng.remote.AbstractRemoteTestNG.run(AbstractRemoteTestNG.java:115)
at org.testng.remote.RemoteTestNG.initAndRun(RemoteTestNG.java:251)
at org.testng.remote.RemoteTestNG.main(RemoteTestNG.java:77)
]]>
            </full-stacktrace>
          </exception> <!-- org.openqa.selenium.WebDriverException -->
          <reporter-output>
          </reporter-output>
        </test-method> <!-- registerTest -->
        <test-method is-config="true" signature="afterMethod()[pri:0, instance:Scratch.AutomationProject.TC01_Registration@26abb146]" started-at="2022-11-11T13:10:50 IST" name="afterMethod" finished-at="2022-11-11T13:10:51 IST" duration-ms="492" status="PASS">
          <reporter-output>
          </reporter-output>
        </test-method> <!-- afterMethod -->
      </class> <!-- Scratch.AutomationProject.TC01_Registration -->
    </test> <!-- Default test -->
  </suite> <!-- Default suite -->
</testng-results>
